Building from file EPR.mol2 ...
>> antechamber -i EPR.mol2 -fi mol2 -o EPR.preedit.mol2 -fo mol2 -at gaff -nc 0 -j 5 -c bcc


Total number of electrons: 190; net charge: 0

Running: /home/tud67309/local/amber11/bin/sqm -O -i sqm.in -o sqm.out
Error: cannot run "/home/tud67309/local/amber11/bin/sqm -O -i sqm.in -o sqm.out" of bcc() in charge.c properly, exit
Changing N3      charge from     0.0000 to     0.0000
Changing C14     charge from     0.0000 to     0.0000
Changing HC141   charge from     0.0000 to     0.0000
Changing HC142   charge from     0.0000 to     0.0000
Changing HC143   charge from     0.0000 to     0.0000
Changing C15     charge from     0.0000 to     0.0000
Changing HC151   charge from     0.0000 to     0.0000
Changing HC152   charge from     0.0000 to     0.0000
Changing HC153   charge from     0.0000 to     0.0000
Changing O3      charge from     0.0000 to     0.0000
Changing C16     charge from     0.0000 to     0.0000
Changing C17     charge from     0.0000 to     0.0000
Changing H171    charge from     0.0000 to     0.0000
Changing H172    charge from     0.0000 to     0.0000
Changing HC171   charge from     0.0000 to     0.0000
net charge after zeroing capped residues:0.000000
included_indices [3, 4, 5, 6, 7, 9, 10, 12, 13, 14, 15, 16, 17, 18, 19, 20, 21, 22, 23, 24, 25, 26, 27, 28, 29, 30, 31, 32, 33, 34, 35, 36, 40]
excluded_indices [0, 1, 2, 8, 11, 37, 38, 39, 41, 42, 43, 44, 45, 46, 47]
total_included_charge 0.0
net charge after shifting to net charge:0.000000
Writing to EPR.edited.mol2
...Done.
*** Make sure the @<TRIPOS>MOLECULE header is correct -- MUST CHANGE THIS BY HAND!! ****    
@<TRIPOS>MOLECULE
EPR
48 50 1 0 0
POLYMER
CHARGES
@<TRIPOS>ATOM
      1 C14       126.3360   72.3480   -1.3600 C.3       1 UNK      0.000000 
      2 N3        126.4300   72.6230    0.1010 N.am      1 UNK      0.000000 
      3 C15       125.0770   72.8430    0.7080 C.3       1 UNK      0.000000 
      4 C         127.6300   72.7010    0.7810 C.2       1 UNK      0.000000 
      5 O         127.6760   72.4430    1.9650 O.2       1 UNK      0.000000 
      6 C1        128.9780   73.1110    0.1310 C.3       1 UNK      0.000000 
      7 N         129.0060   73.5500   -1.2820 N.am      1 UNK      0.000000 
      8 C2        129.5890   74.3110    0.8960 C.3       1 UNK      0.000000 
      9 C16       129.3340   72.8200   -2.3850 C.2       1 UNK      0.000000 
     10 C4        128.8090   75.0030   -1.3230 C.3       1 UNK      0.000000 
     11 C3        129.3190   75.5470    0.0170 C.3       1 UNK      0.000000 
     12 O3        129.2310   73.2900   -3.5010 O.2       1 UNK      0.000000 
     13 N1        130.4680   76.4240   -0.1490 N.am      1 UNK      0.000000 
     14 C5        128.3440   76.5320    0.6140 C.2       1 UNK      0.000000 
     15 C6        130.2030   77.7040    0.1550 C.2       1 UNK      0.000000 
     16 O2        127.2190   76.2800    1.0010 O.2       1 UNK      0.000000 
     17 N2        128.9330   77.7520    0.6260 N.am      1 UNK      0.000000 
     18 O2        130.9750   78.6330    0.0190 O.2       1 UNK      0.000000 
     19 C7        128.2480   78.9910    1.0330 C.3       1 UNK      0.000000 
     20 C8        129.0360   79.8580    1.9960 C.2       1 UNK      0.000000 
     21 C9        129.3410   81.1210    1.6760 C.2       1 UNK      0.000000 
     22 C13       129.4420   79.3730    3.1750 C.2       1 UNK      0.000000 
     23 C10       130.0370   81.8860    2.5180 C.2       1 UNK      0.000000 
     24 C12       130.1390   80.1360    4.0180 C.2       1 UNK      0.000000 
     25 C11       130.4360   81.3940    3.6910 C.2       1 UNK      0.000000 
     26 HC111     131.0010   82.0190    4.3780 H         1 UNK      0.000000 
     27 HC121     130.4670   79.7310    4.9730 H         1 UNK      0.000000 
     28 HC101     130.2770   82.9100    2.2460 H         1 UNK      0.000000 
     29 HC131     129.2070   78.3480    3.4530 H         1 UNK      0.000000 
     30 HC91      129.0240   81.5320    0.7200 H         1 UNK      0.000000 
     31 HC71      127.2930   78.7390    1.5010 H         1 UNK      0.000000 
     32 HC72      128.0240   79.5570    0.1240 H         1 UNK      0.000000 
     33 HC41      127.7450   75.2160   -1.4510 H         1 UNK      0.000000 
     34 HC42      129.3660   75.4460   -2.1530 H         1 UNK      0.000000 
     35 HC21      129.1960   74.4330    1.9080 H         1 UNK      0.000000 
     36 HC22      130.6660   74.1550    0.9830 H         1 UNK      0.000000 
     37 HC11      129.6450   72.2570    0.2680 H         1 UNK      0.000000 
     38 HC151     124.4220   72.0210    0.4250 H         1 UNK      0.000000 
     39 HC152     124.6860   73.7430    0.2240 H         1 UNK      0.000000 
     40 HC141     126.7670   73.1970   -1.8820 H         1 UNK      0.000000 
     41 HN1       131.3410   76.1070   -0.5430 H         1 UNK      0.000000 
     42 HC142     126.8900   71.4415   -1.6039 H         1 UNK      0.000000 
     43 HC143     125.2910   72.2302   -1.6468 H         1 UNK      0.000000 
     44 HC153     125.1342   72.9592    1.7903 H         1 UNK      0.000000 
     45 C17       129.8381   71.3913   -2.2163 C.3       1 UNK      0.000000 
     46 H171      130.0504   70.9624   -3.1956 H         1 UNK      0.000000 
     47 H172      129.0758   70.7940   -1.7159 H         1 UNK      0.000000 
     48 HC171     130.7481   71.3955   -1.6164 H         1 UNK      0.000000 
@<TRIPOS>BOND
     1    1    2 1
     2    1   40 1
     3    2    3 1
     4    3   38 1
     5    3   39 1
     6    4    2 1
     7    4    6 1
     8    5    4 2
     9    6   37 1
    10    7    6 1
    11    7    9 1
    12    8    6 1
    13    8   11 1
    14    8   35 1
    15    8   36 1
    16   10   11 1
    17   10    7 1
    18   10   33 1
    19   10   34 1
    20   11   13 1
    21   11   14 1
    22   12    9 2
    23   13   15 1
    24   13   41 1
    25   14   17 1
    26   15   17 1
    27   16   14 2
    28   17   19 1
    29   18   15 2
    30   19   31 1
    31   19   32 1
    32   20   19 1
    33   21   20 2
    34   22   24 2
    35   22   20 1
    36   23   21 1
    37   24   25 1
    38   25   23 2
    39   26   25 1
    40   27   24 1
    41   28   23 1
    42   29   22 1
    43   30   21 1
    44   42    1 1
    45   43    1 1
    46   44    3 1
    47   45    9 1
    48   46   45 1
    49   47   45 1
    50   48   45 1
@<TRIPOS>SUBSTRUCTURE
     1 UNK     1 RESIDUE           4 A     UNK     0 ROOT

>> parmchk -i EPR.edited.mol2 -f mol2 -o EPR.edited.mol2.frcmod -p $AMBERHOME/dat/leap/parm/gaff.dat
### THE leapscript ###
modsEPR = loadAmberParams EPR.edited.mol2.frcmod
modsDLM = loadAmberParams dlm_edit.frcmod
source leaprc.ff99SB

EPR = loadMol2 EPR.edited.mol2

# Delete N-terminal acetyl and C-terminal dimethyl amine group
remove EPR EPR.1.2  # N3
remove EPR EPR.1.1  # C14
remove EPR EPR.1.40  # HC141
remove EPR EPR.1.42  # HC142
remove EPR EPR.1.43  # HC143
remove EPR EPR.1.3  # C15
remove EPR EPR.1.38  # HC151
remove EPR EPR.1.39  # HC152
remove EPR EPR.1.44  # HC153
remove EPR EPR.1.12  # O3
remove EPR EPR.1.9  # C16
remove EPR EPR.1.45  # C17
remove EPR EPR.1.46  # H171
remove EPR EPR.1.47  # H172
remove EPR EPR.1.48  # HC171

# Should still be net neutral -- all removed atoms shoulve have had charge 0.0

set EPR name "EPR"
set EPR.1 name "EPR"

# Define head atom
set EPR head EPR.1.7
set EPR.1 connect0 EPR.1.7

# Define tail atom
set EPR tail EPR.1.4
set EPR.1 connect1 EPR.1.4

savepdb EPR EPR.pdb


# Make a list of info needed for the library
# This is necessary in order to make sure the parameter modifications are stored to the off file.
myresidue = { EPR modsEPR modsDLM }
saveoff myresidue EPR.off

quit

### -------------- ###
-I: Adding /home/tud67309/local/amber11/dat/leap/prep to search path.
-I: Adding /home/tud67309/local/amber11/dat/leap/lib to search path.
-I: Adding /home/tud67309/local/amber11/dat/leap/parm to search path.
-I: Adding /home/tud67309/local/amber11/dat/leap/cmd to search path.
-f: Source /tmp/tmpMeGGeD.

Welcome to LEaP!
(no leaprc in search path)
Sourcing: /tmp/tmpMeGGeD
Loading parameters: ./EPR.edited.mol2.frcmod
Reading force field modification type file (frcmod)
Reading title:
remark goes here
Loading parameters: ./dlm_edit.frcmod
Reading force field modification type file (frcmod)
Reading title:
remark goes here - Originally created by DLM, VAV edited to mix-n-match AMBER (uppercase) and GAFF (lowercase) atomtypes
No mass defined for non-bond atom type: CA - skipping
No mass defined for non-bond atom type: C - skipping
No mass defined for non-bond atom type: CT - skipping
No mass defined for non-bond atom type: O - skipping
No mass defined for non-bond atom type: HA - skipping
No mass defined for non-bond atom type: HC - skipping
----- Source: /home/tud67309/local/amber11/dat/leap/cmd/leaprc.ff99SB
----- Source of /home/tud67309/local/amber11/dat/leap/cmd/leaprc.ff99SB done
Log file: ./leap.log
Loading parameters: /home/tud67309/local/amber11/dat/leap/parm/parm99.dat
Reading title:
PARM99 for DNA,RNA,AA, organic molecules, TIP3P wat. Polariz.& LP incl.02/04/99
Loading parameters: /home/tud67309/local/amber11/dat/leap/parm/frcmod.ff99SB
Reading force field modification type file (frcmod)
Reading title:
Modification/update of parm99.dat (Hornak & Simmerling)
Loading library: /home/tud67309/local/amber11/dat/leap/lib/all_nucleic94.lib
Loading library: /home/tud67309/local/amber11/dat/leap/lib/all_amino94.lib
Loading library: /home/tud67309/local/amber11/dat/leap/lib/all_aminoct94.lib
Loading library: /home/tud67309/local/amber11/dat/leap/lib/all_aminont94.lib
Loading library: /home/tud67309/local/amber11/dat/leap/lib/ions94.lib
Loading library: /home/tud67309/local/amber11/dat/leap/lib/solvents.lib
Loading Mol2 file: ./EPR.edited.mol2
Reading MOLECULE named EPR
Writing pdb file: EPR.pdb
Building topology.
Building atom parameters.
	Quit
