----------------------------------------
Begin Batch Job Prologue Sun Jun 11 19:07:43 EST 2017
Job ID:           729774.owlsnest1.nfs
Username:         tug27224
Group:            stdchem
Job Name:         G182_torsion.pf
Resources List:   neednodes=1:ppn=12,nodes=1:ppn=12,walltime=12:00:00
Queue:            normal
Account:          
Nodes:            w031 
End Batch Job Prologue Sun Jun 11 19:07:43 EST 2017
----------------------------------------
----------------------------------------
Begin Batch Job Epilogue Mon Jun 12 03:32:42 EST 2017
Job ID:           729774.owlsnest1.nfs
Username:         tug27224
Group:            stdchem
Job Name:         G182_torsion.pf
Session:          31843
Limits:           neednodes=1:ppn=12,nodes=1:ppn=12,walltime=12:00:00
Resources:        cput=100:56:48,mem=184888kb,vmem=26982276kb,walltime=08:24:59
Queue:            normal
Account:          
End Batch Job Epilogue Mon Jun 12 03:33:02 EST 2017
----------------------------------------
