----------------------------------------
Begin Batch Job Prologue Fri Jun  9 04:52:26 EST 2017
Job ID:           729398.owlsnest1.nfs
Username:         tug27224
Group:            stdchem
Job Name:         G183_prod3.pf
Resources List:   neednodes=1:ppn=12,nodes=1:ppn=12,walltime=12:00:00
Queue:            normal
Account:          
Nodes:            w031 
End Batch Job Prologue Fri Jun  9 04:52:26 EST 2017
----------------------------------------
----------------------------------------
Begin Batch Job Epilogue Fri Jun  9 11:35:37 EST 2017
Job ID:           729398.owlsnest1.nfs
Username:         tug27224
Group:            stdchem
Job Name:         G183_prod3.pf
Session:          14588
Limits:           neednodes=1:ppn=12,nodes=1:ppn=12,walltime=12:00:00
Resources:        cput=80:35:51,mem=178668kb,vmem=26977668kb,walltime=06:43:11
Queue:            normal
Account:          
End Batch Job Epilogue Fri Jun  9 11:35:57 EST 2017
----------------------------------------
