----------------------------------------
Begin Batch Job Prologue Wed Jun  7 21:14:10 EST 2017
Job ID:           729071.owlsnest1.nfs
Username:         tug27224
Group:            stdchem
Job Name:         G183_prod.pf
Resources List:   neednodes=1:ppn=12,nodes=1:ppn=12,walltime=12:00:00
Queue:            normal
Account:          
Nodes:            w066 
End Batch Job Prologue Wed Jun  7 21:14:10 EST 2017
----------------------------------------
----------------------------------------
Begin Batch Job Epilogue Thu Jun  8 01:33:15 EST 2017
Job ID:           729071.owlsnest1.nfs
Username:         tug27224
Group:            stdchem
Job Name:         G183_prod.pf
Session:          24629
Limits:           neednodes=1:ppn=12,nodes=1:ppn=12,walltime=12:00:00
Resources:        cput=51:45:20,mem=177844kb,vmem=26977728kb,walltime=04:19:05
Queue:            normal
Account:          
End Batch Job Epilogue Thu Jun  8 01:33:35 EST 2017
----------------------------------------
