----------------------------------------
Begin Batch Job Prologue Sun Jun 11 03:55:24 EST 2017
Job ID:           729714.owlsnest1.nfs
Username:         tug27224
Group:            stdchem
Job Name:         G183_prod5.pf
Resources List:   neednodes=1:ppn=12,nodes=1:ppn=12,walltime=12:00:00
Queue:            normal
Account:          
Nodes:            w041 
End Batch Job Prologue Sun Jun 11 03:55:24 EST 2017
----------------------------------------
----------------------------------------
Begin Batch Job Epilogue Sun Jun 11 10:25:32 EST 2017
Job ID:           729714.owlsnest1.nfs
Username:         tug27224
Group:            stdchem
Job Name:         G183_prod5.pf
Session:          6028
Limits:           neednodes=1:ppn=12,nodes=1:ppn=12,walltime=12:00:00
Resources:        cput=77:59:16,mem=176804kb,vmem=26977512kb,walltime=06:30:08
Queue:            normal
Account:          
End Batch Job Epilogue Sun Jun 11 10:25:52 EST 2017
----------------------------------------
