----------------------------------------
Begin Batch Job Prologue Sun Jun 11 19:19:38 EST 2017
Job ID:           729777.owlsnest1.nfs
Username:         tug27224
Group:            stdchem
Job Name:         G183_torsion.pf
Resources List:   neednodes=1:ppn=12,nodes=1:ppn=12,walltime=12:00:00
Queue:            normal
Account:          
Nodes:            w026 
End Batch Job Prologue Sun Jun 11 19:19:38 EST 2017
----------------------------------------
----------------------------------------
Begin Batch Job Epilogue Mon Jun 12 01:47:52 EST 2017
Job ID:           729777.owlsnest1.nfs
Username:         tug27224
Group:            stdchem
Job Name:         G183_torsion.pf
Session:          4154
Limits:           neednodes=1:ppn=12,nodes=1:ppn=12,walltime=12:00:00
Resources:        cput=77:32:45,mem=181096kb,vmem=26977988kb,walltime=06:28:14
Queue:            normal
Account:          
End Batch Job Epilogue Mon Jun 12 01:48:12 EST 2017
----------------------------------------
