Building from file MOE.mol2 ...
>> antechamber -i MOE.mol2 -fi mol2 -o MOE.preedit.mol2 -fo mol2 -at gaff -nc 0 -j 5 -c bcc


Total number of electrons: 110; net charge: 0

Running: /home/tud67309/local/amber11/bin/sqm -O -i sqm.in -o sqm.out


Changing C5      charge from     0.6701 to     0.0000
Changing O2      charge from    -0.6111 to     0.0000
Changing C6      charge from    -0.1741 to     0.0000
Changing H1C6    charge from     0.0617 to     0.0000
Changing H2C6    charge from     0.0907 to     0.0000
Changing H3C6    charge from     0.0727 to     0.0000
Changing N1      charge from    -0.4758 to     0.0000
Changing C7      charge from     0.0753 to     0.0000
Changing H1C7    charge from     0.0277 to     0.0000
Changing H2C7    charge from     0.0787 to     0.0000
Changing H3C7    charge from     0.0327 to     0.0000
Changing C8      charge from     0.0763 to     0.0000
Changing H1C8    charge from     0.0357 to     0.0000
Changing H2C8    charge from     0.0507 to     0.0000
Changing H3C8    charge from     0.0347 to     0.0000
net charge after zeroing capped residues:-0.044000
included_indices [4, 6, 7, 9, 10, 11, 12, 13, 14, 15, 16, 17, 18, 21, 22, 23, 24]
excluded_indices [0, 1, 2, 3, 5, 8, 19, 20, 25, 26, 27, 28, 29, 30, 31]
total_included_charge -0.044
net charge after shifting to net charge:0.000000
Writing to MOE.edited.mol2
...Done.
*** Make sure the @<TRIPOS>MOLECULE header is correct -- MUST CHANGE THIS BY HAND!! ****    
@<TRIPOS>MOLECULE
NIL
   32    31     1     0     0
SMALL
bcc
@<TRIPOS>ATOM
      1 C6        110.0820   74.9740    0.0820 c3        1 NIL      0.000000 
      2 C5        110.8470   76.2700    0.3280 c         1 NIL      0.000000 
      3 C8        113.2750   80.9040   -0.0160 c3        1 NIL      0.000000 
      4 O2        111.3990   76.4560    1.3980 o         1 NIL      0.000000 
      5 N         110.8880   77.2250   -0.6500 n         1 NIL     -0.465212 
      6 N1        111.8790   80.7000    0.4290 n         1 NIL      0.000000 
      7 C1        111.7420   78.4190   -0.4990 c3        1 NIL      0.033588 
      8 C2        110.2880   77.1440   -2.0000 c3        1 NIL      0.100588 
      9 C7        111.3730   81.9500    1.0130 c3        1 NIL      0.000000 
     10 C         111.1230   79.5760    0.2770 c         1 NIL      0.641688 
     11 C3        108.9610   77.9090   -2.1270 c3        1 NIL      0.088988 
     12 O         109.9950   79.5140    0.7280 o         1 NIL     -0.609512 
     13 O1        108.6190   77.9190   -3.5280 os        1 NIL     -0.437012 
     14 C4        107.3390   78.4970   -3.8510 c3        1 NIL      0.120288 
     15 H1C4      107.2560   78.5790   -4.9380 h1        1 NIL      0.058288 
     16 H2C4      107.2640   79.4900   -3.4000 h1        1 NIL      0.022288 
     17 H3C4      106.5460   77.8490   -3.4650 h1        1 NIL      0.031288 
     18 H1C3      108.1690   77.4190   -1.5540 h1        1 NIL      0.089288 
     19 H2C3      109.0710   78.9420   -1.7850 h1        1 NIL      0.033288 
     20 H1C7      111.3410   81.8380    2.1000 h1        1 NIL      0.000000 
     21 H2C7      110.3720   82.1790    0.6380 h1        1 NIL      0.000000 
     22 H1C2      110.1220   76.1120   -2.3030 h1        1 NIL      0.072288 
     23 H2C2      110.9920   77.5590   -2.7270 h1        1 NIL      0.053288 
     24 H1C1      112.0440   78.8080   -1.4740 h1        1 NIL      0.068288 
     25 H2C1      112.6430   78.0990    0.0220 h1        1 NIL      0.098288 
     26 H1C8      113.2450   80.8540   -1.1060 h1        1 NIL      0.000000 
     27 H1C6      110.1060   74.7130   -0.9730 hc        1 NIL      0.000000 
     28 H2C6      109.0460   75.1040    0.3960 hc        1 NIL      0.000000 
     29 H3C6      110.5370   74.1710    0.6620 hc        1 NIL      0.000000 
     30 H2C8      113.6400   81.8780    0.3100 h1        1 NIL      0.000000 
     31 H3C8      113.9130   80.1130    0.3780 h1        1 NIL      0.000000 
     32 H3C7      112.0480   82.7660    0.7560 h1        1 NIL      0.000000 
@<TRIPOS>BOND
     1    1   27 1   
     2    2    1 1   
     3    2    4 2   
     4    2    5 1   
     5    3   26 1   
     6    6    9 1   
     7    6   10 1   
     8    6    3 1   
     9    7    5 1   
    10    7   10 1   
    11    8    5 1   
    12    9   20 1   
    13    9   21 1   
    14   11    8 1   
    15   12   10 2   
    16   13   11 1   
    17   14   13 1   
    18   15   14 1   
    19   16   14 1   
    20   17   14 1   
    21   18   11 1   
    22   19   11 1   
    23   22    8 1   
    24   23    8 1   
    25   24    7 1   
    26   25    7 1   
    27   28    1 1   
    28   29    1 1   
    29   30    3 1   
    30   31    3 1   
    31   32    9 1   
@<TRIPOS>SUBSTRUCTURE
     1 NIL         1 TEMP              0 ****  ****    0 ROOT

>> parmchk -i MOE.edited.mol2 -f mol2 -o MOE.edited.mol2.frcmod -p $AMBERHOME/dat/leap/parm/gaff.dat
### THE leapscript ###
modsMOE = loadAmberParams MOE.edited.mol2.frcmod
modsDLM = loadAmberParams dlm_edit.frcmod
source leaprc.ff99SB

MOE = loadMol2 MOE.edited.mol2

# Delete N-terminal acetyl and C-terminal dimethyl amine group
remove MOE MOE.1.2  # C5
remove MOE MOE.1.4  # O2
remove MOE MOE.1.1  # C6
remove MOE MOE.1.27  # H1C6
remove MOE MOE.1.28  # H2C6
remove MOE MOE.1.29  # H3C6
remove MOE MOE.1.6  # N1
remove MOE MOE.1.9  # C7
remove MOE MOE.1.20  # H1C7
remove MOE MOE.1.21  # H2C7
remove MOE MOE.1.32  # H3C7
remove MOE MOE.1.3  # C8
remove MOE MOE.1.26  # H1C8
remove MOE MOE.1.30  # H2C8
remove MOE MOE.1.31  # H3C8

# Should still be net neutral -- all removed atoms shoulve have had charge 0.0

set MOE name "MOE"
set MOE.1 name "MOE"

# Define head atom
set MOE head MOE.1.5
set MOE.1 connect0 MOE.1.5

# Define tail atom
set MOE tail MOE.1.10
set MOE.1 connect1 MOE.1.10

savepdb MOE MOE.pdb


# Make a list of info needed for the library
# This is necessary in order to make sure the parameter modifications are stored to the off file.
myresidue = { MOE modsMOE modsDLM }
saveoff myresidue MOE.off

quit

### -------------- ###
-I: Adding /home/tud67309/local/amber11/dat/leap/prep to search path.
-I: Adding /home/tud67309/local/amber11/dat/leap/lib to search path.
-I: Adding /home/tud67309/local/amber11/dat/leap/parm to search path.
-I: Adding /home/tud67309/local/amber11/dat/leap/cmd to search path.
-f: Source /tmp/tmpC12mSW.

Welcome to LEaP!
(no leaprc in search path)
Sourcing: /tmp/tmpC12mSW
Loading parameters: ./MOE.edited.mol2.frcmod
Reading force field modification type file (frcmod)
Reading title:
remark goes here
Loading parameters: ./dlm_edit.frcmod
Reading force field modification type file (frcmod)
Reading title:
remark goes here - Originally created by DLM, VAV edited to mix-n-match AMBER (uppercase) and GAFF (lowercase) atomtypes
No mass defined for non-bond atom type: CA - skipping
No mass defined for non-bond atom type: C - skipping
No mass defined for non-bond atom type: CT - skipping
No mass defined for non-bond atom type: O - skipping
No mass defined for non-bond atom type: HA - skipping
No mass defined for non-bond atom type: HC - skipping
----- Source: /home/tud67309/local/amber11/dat/leap/cmd/leaprc.ff99SB
----- Source of /home/tud67309/local/amber11/dat/leap/cmd/leaprc.ff99SB done
Log file: ./leap.log
Loading parameters: /home/tud67309/local/amber11/dat/leap/parm/parm99.dat
Reading title:
PARM99 for DNA,RNA,AA, organic molecules, TIP3P wat. Polariz.& LP incl.02/04/99
Loading parameters: /home/tud67309/local/amber11/dat/leap/parm/frcmod.ff99SB
Reading force field modification type file (frcmod)
Reading title:
Modification/update of parm99.dat (Hornak & Simmerling)
Loading library: /home/tud67309/local/amber11/dat/leap/lib/all_nucleic94.lib
Loading library: /home/tud67309/local/amber11/dat/leap/lib/all_amino94.lib
Loading library: /home/tud67309/local/amber11/dat/leap/lib/all_aminoct94.lib
Loading library: /home/tud67309/local/amber11/dat/leap/lib/all_aminont94.lib
Loading library: /home/tud67309/local/amber11/dat/leap/lib/ions94.lib
Loading library: /home/tud67309/local/amber11/dat/leap/lib/solvents.lib
Loading Mol2 file: ./MOE.edited.mol2
Reading MOLECULE named NIL
Writing pdb file: MOE.pdb
Building topology.
Building atom parameters.
	Quit
