            --------------------------------------------------------
                             AMBER SQM VERSION 1.4
 
                                     By
              Ross C. Walker, Michael F. Crowley, Scott Brozell,
                Tim Giese, Andreas W. Goetz and David A. Case
 
            --------------------------------------------------------
 

--------------------------------------------------------------------------------
  QM CALCULATION INFO
--------------------------------------------------------------------------------

| QMMM: Citation for AMBER QMMM Run:
| QMMM: R.C. Walker, M.F. Crowley and D.A. Case, J. COMP. CHEM. 29:1019, 2008

QMMM: SINGLET STATE CALCULATION
QMMM: RHF CALCULATION, NO. OF DOUBLY OCCUPIED LEVELS = 41

| QMMM: *** Selected Hamiltonian *** 
| QMMM: AM1         

| QMMM: *** Parameter sets in use ***
| QMMM: C : M.J.S.DEWAR et al. JACS, 107, 3902, (1985)
| QMMM: O : M.J.S.DEWAR et al. JACS, 107, 3902, (1985)
| QMMM: N : M.J.S.DEWAR et al. JACS, 107, 3902, (1985)
| QMMM: H : M.J.S.DEWAR et al. JACS, 107, 3902, (1985)

| QMMM: *** SCF convergence criteria ***
| QMMM: Energy change                :  0.1D-09 kcal/mol
| QMMM: Error matrix |FP-PF|         :  0.1D+00 au
| QMMM: Density matrix change        :  0.1D-09
| QMMM: Maximum number of SCF cycles :     1000

| QMMM: *** Diagonalization Routine Information ***
| QMMM: Pseudo diagonalizations are allowed.
| QMMM: Auto diagonalization routine selection is disabled.
| QMMM: Using internal diagonalization routine (diag_routine=1).

  QMMM: QM Region Cartesian Coordinates (*=link atom) 
  QMMM: QM_NO.   MM_NO.  ATOM         X         Y         Z
  QMMM:     1        1      C      110.0820   74.9740    0.0820
  QMMM:     2        2      C      110.8470   76.2700    0.3280
  QMMM:     3        3      C      113.2750   80.9040   -0.0160
  QMMM:     4        4      O      111.3990   76.4560    1.3980
  QMMM:     5        5      N      110.8880   77.2250   -0.6500
  QMMM:     6        6      N      111.8790   80.7000    0.4290
  QMMM:     7        7      C      111.7420   78.4190   -0.4990
  QMMM:     8        8      C      110.2880   77.1440   -2.0000
  QMMM:     9        9      C      111.3730   81.9500    1.0130
  QMMM:    10       10      C      111.1230   79.5760    0.2770
  QMMM:    11       11      C      108.9610   77.9090   -2.1270
  QMMM:    12       12      O      109.9950   79.5140    0.7280
  QMMM:    13       13      O      108.6190   77.9190   -3.5280
  QMMM:    14       14      C      107.3390   78.4970   -3.8510
  QMMM:    15       15      H      107.2560   78.5790   -4.9380
  QMMM:    16       16      H      107.2640   79.4900   -3.4000
  QMMM:    17       17      H      106.5460   77.8490   -3.4650
  QMMM:    18       18      H      108.1690   77.4190   -1.5540
  QMMM:    19       19      H      109.0710   78.9420   -1.7850
  QMMM:    20       20      H      111.3410   81.8380    2.1000
  QMMM:    21       21      H      110.3720   82.1790    0.6380
  QMMM:    22       22      H      110.1220   76.1120   -2.3030
  QMMM:    23       23      H      110.9920   77.5590   -2.7270
  QMMM:    24       24      H      112.0440   78.8080   -1.4740
  QMMM:    25       25      H      112.6430   78.0990    0.0220
  QMMM:    26       26      H      113.2450   80.8540   -1.1060
  QMMM:    27       27      H      110.1060   74.7130   -0.9730
  QMMM:    28       28      H      109.0460   75.1040    0.3960
  QMMM:    29       29      H      110.5370   74.1710    0.6620
  QMMM:    30       30      H      113.6400   81.8780    0.3100
  QMMM:    31       31      H      113.9130   80.1130    0.3780
  QMMM:    32       32      H      112.0480   82.7660    0.7560

--------------------------------------------------------------------------------
  RESULTS
--------------------------------------------------------------------------------

      iter         sqm energy              rms gradient
      ----    -------------------    -----------------------
xmin    10     -116.5572 kcal/mol        0.9980 kcal/(mol*A)
xmin    20     -116.9331 kcal/mol        0.3580 kcal/(mol*A)
xmin    30     -117.0233 kcal/mol        0.1186 kcal/(mol*A)
xmin    40     -117.0492 kcal/mol        0.1054 kcal/(mol*A)
xmin    50     -117.2617 kcal/mol        0.5309 kcal/(mol*A)
xmin    60     -117.5106 kcal/mol        0.2084 kcal/(mol*A)
xmin    70     -117.5410 kcal/mol        0.0114 kcal/(mol*A)
xmin    80     -117.5417 kcal/mol        0.0020 kcal/(mol*A)
  ... geometry converged !

 Heat of formation   =       -117.54168386 kcal/mol  (       -5.09698989 eV)
 Total SCF energy    =     -64008.05898242 kcal/mol  (    -2775.59771833 eV)
 Electronic energy   =    -371724.68981927 kcal/mol  (   -16119.19213474 eV)
 Core-core repulsion =     307716.63083686 kcal/mol  (    13343.59441641 eV)
 
    Atomic Charges for Step       1 :
  Atom    Element       Mulliken Charge
     1      C                 -0.242
     2      C                  0.314
     3      C                 -0.079
     4      O                 -0.372
     5      N                 -0.326
     6      N                 -0.334
     7      C                 -0.035
     8      C                 -0.018
     9      C                 -0.080
    10      C                  0.283
    11      C                 -0.064
    12      O                 -0.373
    13      O                 -0.296
    14      C                 -0.072
    15      H                  0.095
    16      H                  0.059
    17      H                  0.068
    18      H                  0.126
    19      H                  0.070
    20      H                  0.067
    21      H                  0.118
    22      H                  0.109
    23      H                  0.090
    24      H                  0.105
    25      H                  0.135
    26      H                  0.075
    27      H                  0.101
    28      H                  0.130
    29      H                  0.112
    30      H                  0.090
    31      H                  0.074
    32      H                  0.072
 Total Mulliken Charge =      -0.000
 
 Final Structure

  QMMM: QM Region Cartesian Coordinates (*=link atom) 
  QMMM: QM_NO.   MM_NO.  ATOM         X         Y         Z
  QMMM:     1        1      C      109.7528   75.4211   -0.5534
  QMMM:     2        2      C      110.6569   76.5439   -0.1219
  QMMM:     3        3      C      113.3779   80.5346    0.8144
  QMMM:     4        4      O      111.0643   76.6280    1.0543
  QMMM:     5        5      N      111.0966   77.4749   -1.0699
  QMMM:     6        6      N      112.0092   80.7955    0.4746
  QMMM:     7        7      C      111.9379   78.5571   -0.6373
  QMMM:     8        8      C      110.5906   77.4855   -2.4187
  QMMM:     9        9      C      111.3963   81.9463    1.0800
  QMMM:    10       10      C      111.2215   79.8197   -0.1281
  QMMM:    11       11      C      109.2328   78.1688   -2.6476
  QMMM:    12       12      O      110.0000   80.0123   -0.2851
  QMMM:    13       13      O      108.2691   77.1222   -2.7732
  QMMM:    14       14      C      106.9432   77.6134   -2.8719
  QMMM:    15       15      H      106.3107   76.6959   -2.9656
  QMMM:    16       16      H      106.8311   78.2608   -3.7766
  QMMM:    17       17      H      106.6671   78.1903   -1.9547
  QMMM:    18       18      H      108.9476   78.8590   -1.8097
  QMMM:    19       19      H      109.2632   78.7461   -3.6104
  QMMM:    20       20      H      111.4273   81.8693    2.2005
  QMMM:    21       21      H      110.3266   82.0337    0.7513
  QMMM:    22       22      H      110.5113   76.4176   -2.7774
  QMMM:    23       23      H      111.3467   78.0123   -3.0689
  QMMM:    24       24      H      112.5967   78.8742   -1.4968
  QMMM:    25       25      H      112.5908   78.1656    0.2002
  QMMM:    26       26      H      113.9346   80.1597   -0.0863
  QMMM:    27       27      H      110.2925   74.7419   -1.2570
  QMMM:    28       28      H      108.8383   75.8191   -1.0603
  QMMM:    29       29      H      109.4508   74.8410    0.3526
  QMMM:    30       30      H      113.8671   81.4825    1.1638
  QMMM:    31       31      H      113.4600   79.7683    1.6335
  QMMM:    32       32      H      111.9533   82.8696    0.7664

           --------- Calculation Completed ----------

