----------------------------------------
Begin Batch Job Prologue Sun Jun 11 19:07:43 EST 2017
Job ID:           729773.owlsnest1.nfs
Username:         tug27224
Group:            stdchem
Job Name:         G182_ions.pf
Resources List:   neednodes=1:ppn=12,nodes=1:ppn=12,walltime=12:00:00
Queue:            normal
Account:          
Nodes:            w032 
End Batch Job Prologue Sun Jun 11 19:07:43 EST 2017
----------------------------------------
----------------------------------------
Begin Batch Job Epilogue Mon Jun 12 03:31:56 EST 2017
Job ID:           729773.owlsnest1.nfs
Username:         tug27224
Group:            stdchem
Job Name:         G182_ions.pf
Session:          7933
Limits:           neednodes=1:ppn=12,nodes=1:ppn=12,walltime=12:00:00
Resources:        cput=100:45:55,mem=186128kb,vmem=26983824kb,walltime=08:24:13
Queue:            normal
Account:          
End Batch Job Epilogue Mon Jun 12 03:32:16 EST 2017
----------------------------------------
