----------------------------------------
Begin Batch Job Prologue Thu Jun  8 20:05:19 EST 2017
Job ID:           729340.owlsnest1.nfs
Username:         tug27224
Group:            stdchem
Job Name:         G182_prod2.pf
Resources List:   neednodes=1:ppn=12,nodes=1:ppn=12,walltime=12:00:00
Queue:            normal
Account:          
Nodes:            w043 
End Batch Job Prologue Thu Jun  8 20:05:19 EST 2017
----------------------------------------
----------------------------------------
Begin Batch Job Epilogue Fri Jun  9 04:27:04 EST 2017
Job ID:           729340.owlsnest1.nfs
Username:         tug27224
Group:            stdchem
Job Name:         G182_prod2.pf
Session:          10506
Limits:           neednodes=1:ppn=12,nodes=1:ppn=12,walltime=12:00:00
Resources:        cput=100:07:50,mem=182112kb,vmem=26981928kb,walltime=08:21:45
Queue:            normal
Account:          
End Batch Job Epilogue Fri Jun  9 04:27:24 EST 2017
----------------------------------------
