----------------------------------------
Begin Batch Job Prologue Fri Jun  9 04:51:18 EST 2017
Job ID:           729395.owlsnest1.nfs
Username:         tug27224
Group:            stdchem
Job Name:         G182_prod3.pf
Resources List:   neednodes=1:ppn=12,nodes=1:ppn=12,walltime=12:00:00
Queue:            normal
Account:          
Nodes:            w043 
End Batch Job Prologue Fri Jun  9 04:51:18 EST 2017
----------------------------------------
----------------------------------------
Begin Batch Job Epilogue Fri Jun  9 13:14:07 EST 2017
Job ID:           729395.owlsnest1.nfs
Username:         tug27224
Group:            stdchem
Job Name:         G182_prod3.pf
Session:          10242
Limits:           neednodes=1:ppn=12,nodes=1:ppn=12,walltime=12:00:00
Resources:        cput=100:20:13,mem=182032kb,vmem=26981824kb,walltime=08:22:49
Queue:            normal
Account:          
End Batch Job Epilogue Fri Jun  9 13:14:27 EST 2017
----------------------------------------
