----------------------------------------
Begin Batch Job Prologue Wed Jun  7 20:47:03 EST 2017
Job ID:           729064.owlsnest1.nfs
Username:         tug27224
Group:            stdchem
Job Name:         G182_prod.pf
Resources List:   neednodes=1:ppn=12,nodes=1:ppn=12,walltime=12:00:00
Queue:            normal
Account:          
Nodes:            w022 
End Batch Job Prologue Wed Jun  7 20:47:03 EST 2017
----------------------------------------
----------------------------------------
Begin Batch Job Epilogue Thu Jun  8 02:18:29 EST 2017
Job ID:           729064.owlsnest1.nfs
Username:         tug27224
Group:            stdchem
Job Name:         G182_prod.pf
Session:          5415
Limits:           neednodes=1:ppn=12,nodes=1:ppn=12,walltime=12:00:00
Resources:        cput=66:05:26,mem=181660kb,vmem=26981916kb,walltime=05:31:26
Queue:            normal
Account:          
End Batch Job Epilogue Thu Jun  8 02:18:50 EST 2017
----------------------------------------
