----------------------------------------
Begin Batch Job Prologue Thu Jun  8 09:06:23 EST 2017
Job ID:           729188.owlsnest1.nfs
Username:         tug27224
Group:            stdchem
Job Name:         G182_prod1.pf
Resources List:   neednodes=1:ppn=12,nodes=1:ppn=12,walltime=12:00:00
Queue:            normal
Account:          
Nodes:            w036 
End Batch Job Prologue Thu Jun  8 09:06:23 EST 2017
----------------------------------------
----------------------------------------
Begin Batch Job Epilogue Thu Jun  8 17:21:55 EST 2017
Job ID:           729188.owlsnest1.nfs
Username:         tug27224
Group:            stdchem
Job Name:         G182_prod1.pf
Session:          25214
Limits:           neednodes=1:ppn=12,nodes=1:ppn=12,walltime=12:00:00
Resources:        cput=98:53:02,mem=182440kb,vmem=26981636kb,walltime=08:15:33
Queue:            normal
Account:          
End Batch Job Epilogue Thu Jun  8 17:22:15 EST 2017
----------------------------------------
