            --------------------------------------------------------
                             AMBER SQM VERSION 1.4
 
                                     By
              Ross C. Walker, Michael F. Crowley, Scott Brozell,
                Tim Giese, Andreas W. Goetz and David A. Case
 
            --------------------------------------------------------
 

--------------------------------------------------------------------------------
  QM CALCULATION INFO
--------------------------------------------------------------------------------

| QMMM: Citation for AMBER QMMM Run:
| QMMM: R.C. Walker, M.F. Crowley and D.A. Case, J. COMP. CHEM. 29:1019, 2008

QMMM: SINGLET STATE CALCULATION
QMMM: RHF CALCULATION, NO. OF DOUBLY OCCUPIED LEVELS = 75

| QMMM: *** Selected Hamiltonian *** 
| QMMM: AM1         

| QMMM: *** Parameter sets in use ***
| QMMM: C : M.J.S.DEWAR et al. JACS, 107, 3902, (1985)
| QMMM: N : M.J.S.DEWAR et al. JACS, 107, 3902, (1985)
| QMMM: O : M.J.S.DEWAR et al. JACS, 107, 3902, (1985)
| QMMM: H : M.J.S.DEWAR et al. JACS, 107, 3902, (1985)

| QMMM: *** SCF convergence criteria ***
| QMMM: Energy change                :  0.1D-09 kcal/mol
| QMMM: Error matrix |FP-PF|         :  0.1D+00 au
| QMMM: Density matrix change        :  0.1D-09
| QMMM: Maximum number of SCF cycles :     1000

| QMMM: *** Diagonalization Routine Information ***
| QMMM: Pseudo diagonalizations are allowed.
| QMMM: Auto diagonalization routine selection is disabled.
| QMMM: Using internal diagonalization routine (diag_routine=1).

  QMMM: QM Region Cartesian Coordinates (*=link atom) 
  QMMM: QM_NO.   MM_NO.  ATOM         X         Y         Z
  QMMM:     1        1      C      115.9320   78.0920    0.0820
  QMMM:     2        2      N      115.1880   79.3230   -0.3000
  QMMM:     3        3      C      114.2520   79.8640    0.5370
  QMMM:     4        4      C      115.4290   79.8040   -1.6910
  QMMM:     5        5      C      113.2750   80.9040   -0.0160
  QMMM:     6        6      O      114.1620   79.5100    1.6990
  QMMM:     7        7      C      113.6970   82.3220    0.4230
  QMMM:     8        8      N      111.8790   80.7000    0.4290
  QMMM:     9        9      C      111.7420   78.4190   -0.4990
  QMMM:    10       10      C      112.3680   83.0570    0.6310
  QMMM:    11       11      C      111.3730   81.9500    1.0130
  QMMM:    12       12      C      111.1230   79.5760    0.2770
  QMMM:    13       13      C      111.9310   83.8090   -0.6050
  QMMM:    14       14      N      112.4180   84.1630    1.5700
  QMMM:    15       15      O      109.9950   79.5140    0.7280
  QMMM:    16       16      N      111.7870   85.1170   -0.2820
  QMMM:    17       17      O      111.7280   83.3300   -1.7050
  QMMM:    18       18      C      112.0610   85.3400    1.0300
  QMMM:    19       19      C      111.3180   86.1220   -1.2590
  QMMM:    20       20      O      111.9970   86.3880    1.6400
  QMMM:    21       21      C      111.4600   87.5910   -0.9110
  QMMM:    22       22      C      112.6120   88.2360   -1.1140
  QMMM:    23       23      C      110.4330   88.2630   -0.3830
  QMMM:    24       24      C      112.7380   89.5260   -0.7950
  QMMM:    25       25      C      110.5570   89.5510   -0.0600
  QMMM:    26       26      C      111.7080   90.1990   -0.2610
  QMMM:    27       27      O      111.7600   91.5240    0.1010
  QMMM:    28       28      C      112.8860   92.3350   -0.3140
  QMMM:    29       29      H      113.8050   91.9500    0.1340
  QMMM:    30       30      H      112.7220   93.3600    0.0270
  QMMM:    31       31      H      112.9620   92.3200   -1.4050
  QMMM:    32       32      H      109.7070   90.0760    0.3720
  QMMM:    33       33      H      113.6970   90.0060   -0.9750
  QMMM:    34       34      H      109.4870   87.7580   -0.2070
  QMMM:    35       35      H      113.4630   87.7100   -1.5400
  QMMM:    36       36      H      110.2620   85.9120   -1.4530
  QMMM:    37       37      H      111.8520   85.9440   -2.1970
  QMMM:    38       38      H      111.3410   81.8380    2.1000
  QMMM:    39       39      H      110.3720   82.1790    0.6380
  QMMM:    40       40      H      112.0440   78.8080   -1.4740
  QMMM:    41       41      H      112.6430   78.0990    0.0220
  QMMM:    42       42      H      114.2440   82.2810    1.3700
  QMMM:    43       43      H      114.3340   82.8080   -0.3190
  QMMM:    44       44      H      113.2450   80.8540   -1.1060
  QMMM:    45       45      H      115.1790   80.8660   -1.7570
  QMMM:    46       46      H      114.7380   79.2670   -2.3450
  QMMM:    47       47      H      115.7650   77.8470    1.1330
  QMMM:    48       48      H      117.0000   78.2720   -0.0330
  QMMM:    49       49      H      112.6610   84.0390    2.5420
  QMMM:    50       50      H      115.6240   77.2580   -0.5490
  QMMM:    51       51      H      116.4630   79.6290   -1.9900
  QMMM:    52       52      H      111.0360   77.5950   -0.6060

--------------------------------------------------------------------------------
  RESULTS
--------------------------------------------------------------------------------

      iter         sqm energy              rms gradient
      ----    -------------------    -----------------------
xmin    10     -109.6219 kcal/mol        0.8591 kcal/(mol*A)
xmin    20     -112.2093 kcal/mol        0.8702 kcal/(mol*A)
xmin    30     -114.6906 kcal/mol        0.6286 kcal/(mol*A)
xmin    40     -115.9943 kcal/mol        0.3451 kcal/(mol*A)
xmin    50     -116.4424 kcal/mol        0.1698 kcal/(mol*A)
xmin    60     -116.5685 kcal/mol        0.0386 kcal/(mol*A)
xmin    70     -116.5742 kcal/mol        0.0023 kcal/(mol*A)
xmin    80     -116.5743 kcal/mol        0.0010 kcal/(mol*A)
xmin    80     -116.5743 kcal/mol        0.0001 kcal/(mol*A)
  ... geometry converged !

 Heat of formation   =       -116.57426796 kcal/mol  (       -5.05503959 eV)
 Total SCF energy    =    -119726.52182323 kcal/mol  (    -5191.73157379 eV)
 Electronic energy   =    -938239.14610384 kcal/mol  (   -40685.10238515 eV)
 Core-core repulsion =     818512.62428062 kcal/mol  (    35493.37081135 eV)
 
    Atomic Charges for Step       1 :
  Atom    Element       Mulliken Charge
     1      C                 -0.081
     2      N                 -0.334
     3      C                  0.275
     4      C                 -0.076
     5      C                  0.014
     6      O                 -0.369
     7      C                 -0.155
     8      N                 -0.323
     9      C                 -0.239
    10      C                  0.015
    11      C                 -0.037
    12      C                  0.315
    13      C                  0.313
    14      N                 -0.348
    15      O                 -0.346
    16      N                 -0.333
    17      O                 -0.306
    18      C                  0.385
    19      C                  0.037
    20      O                 -0.330
    21      C                 -0.160
    22      C                 -0.075
    23      C                 -0.074
    24      C                 -0.211
    25      C                 -0.163
    26      C                  0.089
    27      O                 -0.210
    28      C                 -0.076
    29      H                  0.072
    30      H                  0.107
    31      H                  0.074
    32      H                  0.152
    33      H                  0.139
    34      H                  0.147
    35      H                  0.149
    36      H                  0.123
    37      H                  0.111
    38      H                  0.123
    39      H                  0.121
    40      H                  0.099
    41      H                  0.108
    42      H                  0.126
    43      H                  0.125
    44      H                  0.120
    45      H                  0.076
    46      H                  0.072
    47      H                  0.123
    48      H                  0.074
    49      H                  0.271
    50      H                  0.074
    51      H                  0.097
    52      H                  0.121
 Total Mulliken Charge =      -0.000
 
 Final Structure

  QMMM: QM Region Cartesian Coordinates (*=link atom) 
  QMMM: QM_NO.   MM_NO.  ATOM         X         Y         Z
  QMMM:     1        1      C      115.9735   80.2391    1.6930
  QMMM:     2        2      N      115.2567   80.5863    0.4955
  QMMM:     3        3      C      113.8786   80.7105    0.5120
  QMMM:     4        4      C      116.0309   80.8823   -0.6744
  QMMM:     5        5      C      113.1562   81.1226   -0.7951
  QMMM:     6        6      O      113.2333   80.5201    1.5634
  QMMM:     7        7      C      113.0371   82.6671   -0.7787
  QMMM:     8        8      N      111.7991   80.6197   -0.9083
  QMMM:     9        9      C      112.5350   78.2379   -0.9903
  QMMM:    10       10      C      111.6368   82.9201   -0.1760
  QMMM:    11       11      C      110.8258   81.6547   -0.6023
  QMMM:    12       12      C      111.4513   79.2714   -0.8360
  QMMM:    13       13      C      110.9730   84.2077   -0.7466
  QMMM:    14       14      N      111.6794   83.1632    1.2673
  QMMM:    15       15      O      110.2540   78.9577   -0.7065
  QMMM:    16       16      N      110.5227   84.9586    0.3529
  QMMM:    17       17      O      110.8454   84.4957   -1.9384
  QMMM:    18       18      C      110.9281   84.3213    1.5753
  QMMM:    19       19      C      109.9978   86.2972    0.2980
  QMMM:    20       20      O      110.6736   84.7461    2.7127
  QMMM:    21       21      C      111.0228   87.3766    0.1088
  QMMM:    22       22      C      111.5056   87.6648   -1.1697
  QMMM:    23       23      C      111.4792   88.1148    1.2078
  QMMM:    24       24      C      112.4267   88.6924   -1.3652
  QMMM:    25       25      C      112.3966   89.1431    1.0340
  QMMM:    26       26      C      112.8683   89.4320   -0.2612
  QMMM:    27       27      O      113.7755   90.4708   -0.3284
  QMMM:    28       28      C      114.2502   90.8082   -1.6265
  QMMM:    29       29      H      114.8040   89.9499   -2.0789
  QMMM:    30       30      H      114.9419   91.6675   -1.4351
  QMMM:    31       31      H      113.4058   91.1213   -2.2874
  QMMM:    32       32      H      112.7611   89.7327    1.8868
  QMMM:    33       33      H      112.7934   88.9092   -2.3775
  QMMM:    34       34      H      111.1104   87.8766    2.2185
  QMMM:    35       35      H      111.1586   87.0676   -2.0297
  QMMM:    36       36      H      109.4374   86.4733    1.2629
  QMMM:    37       37      H      109.2683   86.3297   -0.5640
  QMMM:    38       38      H      110.1120   81.3094    0.1949
  QMMM:    39       39      H      110.2393   81.8865   -1.5349
  QMMM:    40       40      H      113.0822   78.3795   -1.9532
  QMMM:    41       41      H      113.2570   78.3133   -0.1398
  QMMM:    42       42      H      113.8574   83.1370   -0.1863
  QMMM:    43       43      H      113.0626   83.0688   -1.8229
  QMMM:    44       44      H      113.7360   80.7629   -1.6918
  QMMM:    45       45      H      115.7167   81.8645   -1.1218
  QMMM:    46       46      H      115.9028   80.0759   -1.4474
  QMMM:    47       47      H      115.2548   79.9848    2.5174
  QMMM:    48       48      H      116.6155   81.1000    2.0226
  QMMM:    49       49      H      111.7074   82.3904    1.8933
  QMMM:    50       50      H      116.6323   79.3521    1.4924
  QMMM:    51       51      H      117.1189   80.9466   -0.4061
  QMMM:    52       52      H      112.0657   77.2237   -0.9820

           --------- Calculation Completed ----------

